mode: atomic
github.com/ewen-lbh/ffcss/reapply.go:10.48,12.2 1 0
github.com/ewen-lbh/ffcss/use.go:26.44,30.17 4 0
github.com/ewen-lbh/ffcss/use.go:36.2,37.12 2 0
github.com/ewen-lbh/ffcss/use.go:30.17,31.24 1 0
github.com/ewen-lbh/ffcss/use.go:34.3,34.103 1 0
github.com/ewen-lbh/ffcss/use.go:31.24,33.4 1 0
github.com/ewen-lbh/ffcss/use.go:43.48,48.41 3 5
github.com/ewen-lbh/ffcss/use.go:56.2,56.45 1 5
github.com/ewen-lbh/ffcss/use.go:48.41,50.17 2 0
github.com/ewen-lbh/ffcss/use.go:50.17,52.4 1 0
github.com/ewen-lbh/ffcss/use.go:56.45,59.3 1 1
github.com/ewen-lbh/ffcss/use.go:59.8,59.51 1 4
github.com/ewen-lbh/ffcss/use.go:59.51,62.3 1 1
github.com/ewen-lbh/ffcss/use.go:62.8,62.34 1 3
github.com/ewen-lbh/ffcss/use.go:62.34,65.3 1 1
github.com/ewen-lbh/ffcss/use.go:65.8,67.41 2 2
github.com/ewen-lbh/ffcss/use.go:70.3,70.12 1 1
github.com/ewen-lbh/ffcss/use.go:67.41,69.4 1 1
github.com/ewen-lbh/ffcss/use.go:75.44,80.2 2 0
github.com/ewen-lbh/ffcss/use.go:83.52,88.54 4 0
github.com/ewen-lbh/ffcss/use.go:88.54,90.3 1 0
github.com/ewen-lbh/ffcss/use.go:90.8,90.61 1 0
github.com/ewen-lbh/ffcss/use.go:90.61,92.3 1 0
github.com/ewen-lbh/ffcss/use.go:92.8,92.61 1 0
github.com/ewen-lbh/ffcss/use.go:92.61,94.3 1 0
github.com/ewen-lbh/ffcss/use.go:94.8,96.3 1 0
github.com/ewen-lbh/ffcss/userprefs.go:11.62,13.34 2 1
github.com/ewen-lbh/ffcss/userprefs.go:20.2,20.39 1 1
github.com/ewen-lbh/ffcss/userprefs.go:13.34,15.17 2 2
github.com/ewen-lbh/ffcss/userprefs.go:18.3,18.84 1 2
github.com/ewen-lbh/ffcss/userprefs.go:15.17,17.4 1 0
github.com/ewen-lbh/ffcss/utils.go:18.44,20.16 2 2
github.com/ewen-lbh/ffcss/utils.go:23.2,25.10 3 2
github.com/ewen-lbh/ffcss/utils.go:20.16,21.13 1 0
github.com/ewen-lbh/ffcss/utils.go:29.39,31.2 1 0
github.com/ewen-lbh/ffcss/utils.go:34.37,36.16 2 3
github.com/ewen-lbh/ffcss/utils.go:40.2,41.50 2 1
github.com/ewen-lbh/ffcss/utils.go:45.2,45.13 1 1
github.com/ewen-lbh/ffcss/utils.go:36.16,38.3 1 2
github.com/ewen-lbh/ffcss/utils.go:41.50,43.3 1 0
github.com/ewen-lbh/ffcss/utils.go:56.34,61.2 4 2
github.com/ewen-lbh/ffcss/utils.go:63.66,64.21 1 7
github.com/ewen-lbh/ffcss/utils.go:64.21,66.3 1 0
github.com/ewen-lbh/ffcss/utils.go:70.40,73.17 3 9
github.com/ewen-lbh/ffcss/utils.go:81.2,81.13 1 9
github.com/ewen-lbh/ffcss/utils.go:73.17,76.3 1 0
github.com/ewen-lbh/ffcss/utils.go:76.8,76.42 1 9
github.com/ewen-lbh/ffcss/utils.go:76.42,80.3 1 9
github.com/ewen-lbh/ffcss/utils.go:85.28,87.2 1 5
github.com/ewen-lbh/ffcss/utils.go:90.26,92.2 1 0
github.com/ewen-lbh/ffcss/utils.go:95.47,97.2 1 0
github.com/ewen-lbh/ffcss/utils.go:103.50,107.16 4 1
github.com/ewen-lbh/ffcss/utils.go:110.2,110.41 1 1
github.com/ewen-lbh/ffcss/utils.go:115.2,115.27 1 1
github.com/ewen-lbh/ffcss/utils.go:107.16,109.3 1 0
github.com/ewen-lbh/ffcss/utils.go:110.41,111.55 1 7
github.com/ewen-lbh/ffcss/utils.go:111.55,113.4 1 3
github.com/ewen-lbh/ffcss/configure.go:10.50,12.2 1 0
github.com/ewen-lbh/ffcss/ffcss.go:7.13,13.46 4 0
github.com/ewen-lbh/ffcss/ffcss.go:13.46,14.13 1 0
github.com/ewen-lbh/ffcss/ffcss.go:18.46,19.43 1 0
github.com/ewen-lbh/ffcss/ffcss.go:23.2,23.37 1 0
github.com/ewen-lbh/ffcss/ffcss.go:27.2,27.41 1 0
github.com/ewen-lbh/ffcss/ffcss.go:31.2,31.38 1 0
github.com/ewen-lbh/ffcss/ffcss.go:35.2,35.12 1 0
github.com/ewen-lbh/ffcss/ffcss.go:19.43,22.3 2 0
github.com/ewen-lbh/ffcss/ffcss.go:23.37,26.3 2 0
github.com/ewen-lbh/ffcss/ffcss.go:27.41,30.3 2 0
github.com/ewen-lbh/ffcss/ffcss.go:31.38,34.3 2 0
github.com/ewen-lbh/ffcss/init.go:10.45,12.2 1 0
